<?xml version="1.0" encoding="UTF-8"?>
<!-- Generated by org.testng.reporters.JUnitReportReporter -->
<testsuite hostname="HGAJJELA02" failures="0" tests="1" name="requests.POST" time="1.683" errors="0" timestamp="2020-09-26T23:17:15 IST" skipped="0">
  <testcase classname="requests.POST" name="test01" time="1.683"/>
  <system-out/>
</testsuite> <!-- requests.POST -->
