<?xml version="1.0" encoding="UTF-8"?>
<!-- Generated by org.testng.reporters.JUnitReportReporter -->
<testsuite hostname="HGAJJELA02" failures="0" tests="2" name="requests.PUT_PATCH" time="0.410" errors="0" timestamp="2020-09-26T23:17:15 IST" skipped="1">
  <testcase classname="requests.PUT_PATCH" name="test02_PATCH" time="0.410"/>
  <system-out/>
  <testcase classname="requests.PUT_PATCH" name="test01_PUT">
    <skipped/>
  </testcase> <!-- test01_PUT -->
  <system-out/>
</testsuite> <!-- requests.PUT_PATCH -->
