<?xml version="1.0" encoding="UTF-8"?>
<!-- Generated by org.testng.reporters.JUnitReportReporter -->
<testsuite hostname="HGAJJELA02" failures="0" tests="1" name="requests.DELETE" time="0.389" errors="0" timestamp="2020-09-26T23:17:15 IST" skipped="0">
  <testcase classname="requests.DELETE" name="test01" time="0.389"/>
  <system-out/>
</testsuite> <!-- requests.DELETE -->
