<?xml version="1.0" encoding="UTF-8"?>
<!-- Generated by org.testng.reporters.JUnitReportReporter -->
<testsuite hostname="HGAJJELA02" failures="0" tests="2" name="requests.GETRequest" time="2.438" errors="0" timestamp="2020-09-20T20:12:44 IST" skipped="1">
  <testcase classname="requests.GETRequest" name="test02" time="2.438"/>
  <system-out/>
  <testcase classname="requests.GETRequest" name="test01">
    <skipped/>
  </testcase> <!-- test01 -->
  <system-out/>
</testsuite> <!-- requests.GETRequest -->
