<?xml version="1.0" encoding="UTF-8"?>
<!-- Generated by org.testng.reporters.JUnitReportReporter -->
<testsuite hostname="HGAJJELA02" failures="0" tests="2" name="requests.GET" time="2.289" errors="0" timestamp="2020-09-26T21:19:58 IST" skipped="1">
  <testcase classname="requests.GET" name="test02" time="2.289"/>
  <system-out/>
  <testcase classname="requests.GET" name="test01">
    <skipped/>
  </testcase> <!-- test01 -->
  <system-out/>
</testsuite> <!-- requests.GET -->
