<?xml version="1.0" encoding="UTF-8"?>
<!-- Generated by org.testng.reporters.JUnitReportReporter -->
<testsuite hostname="HGAJJELA02" failures="0" tests="2" name="requests.DataDrivenExamples" time="1.764" errors="0" timestamp="2020-09-20T22:59:48 IST" skipped="1">
  <testcase classname="requests.DataDrivenExamples" name="test_DELETE" time="1.764"/>
  <system-out/>
  <testcase classname="requests.DataDrivenExamples" name="test_POST">
    <skipped/>
  </testcase> <!-- test_POST -->
  <system-out/>
</testsuite> <!-- requests.DataDrivenExamples -->
