<?xml version="1.0" encoding="UTF-8"?>
<!-- Generated by org.testng.reporters.JUnitReportReporter -->
<testsuite hostname="HGAJJELA02" failures="0" tests="1" name="requests.POSTRequest" time="2.376" errors="0" timestamp="2020-09-20T20:31:41 IST" skipped="0">
  <testcase classname="requests.POSTRequest" name="test01" time="2.376"/>
  <system-out/>
</testsuite> <!-- requests.POSTRequest -->
