<?xml version="1.0" encoding="UTF-8"?>
<!-- Generated by org.testng.reporters.JUnitReportReporter -->
<testsuite hostname="HGAJJELA02" failures="0" tests="2" name="requests.PUT" time="2.387" errors="0" timestamp="2020-09-20T20:37:02 IST" skipped="1">
  <testcase classname="requests.PUT" name="test02_PATCH" time="2.387"/>
  <system-out/>
  <testcase classname="requests.PUT" name="test01_PUT">
    <skipped/>
  </testcase> <!-- test01_PUT -->
  <system-out/>
</testsuite> <!-- requests.PUT -->
